<?xml version="1.0" encoding="UTF-8"?>
<!-- Generated by org.testng.reporters.JUnitReportReporter -->
<testsuite hostname="WINDOWS-UNR7VLH" failures="0" tests="5" name="com.metlife.test.LoginTest" time="59.743" errors="0" timestamp="2023-11-17T11:48:51 IST" skipped="0">
  <testcase classname="com.metlife.test.LoginTest" name="invalidLoginTest" time="10.496"/>
  <testcase classname="com.metlife.test.LoginTest" name="validLoginTest" time="14.027"/>
  <testcase classname="com.metlife.test.LoginTest" name="invalidLoginTest" time="11.179"/>
  <testcase classname="com.metlife.test.LoginTest" name="invalidLoginTest" time="10.536"/>
  <testcase classname="com.metlife.test.LoginTest" name="validLoginTest" time="13.505"/>
</testsuite> <!-- com.metlife.test.LoginTest -->
