<?xml version="1.0" encoding="UTF-8"?>
<!-- Generated by org.testng.reporters.JUnitReportReporter -->
<testsuite hostname="WINDOWS-UNR7VLH" failures="0" tests="1" name="test.com.metlife.springboot.LoginUITest" time="11.333" errors="0" timestamp="2023-11-17T13:13:55 IST" skipped="0">
  <testcase classname="test.com.metlife.springboot.LoginUITest" name="titleTest" time="11.333"/>
</testsuite> <!-- test.com.metlife.springboot.LoginUITest -->
