<?xml version="1.0" encoding="UTF-8"?>
<!-- Generated by org.testng.reporters.JUnitReportReporter -->
<testsuite hostname="WINDOWS-UNR7VLH" failures="0" tests="1" name="com.metlife.test.LoginUITest" time="8.931" errors="0" timestamp="2023-11-17T12:48:27 IST" skipped="0">
  <testcase classname="com.metlife.test.LoginUITest" name="titleTest" time="8.931"/>
</testsuite> <!-- com.metlife.test.LoginUITest -->
