<?xml version="1.0" encoding="UTF-8"?>
<!-- Generated by org.testng.reporters.JUnitReportReporter -->
<testsuite hostname="WINDOWS-UNR7VLH" failures="0" tests="2" name="test.com.metlife.springboot.LoginTest" time="30.857" errors="0" timestamp="2023-11-17T13:13:55 IST" skipped="0">
  <testcase classname="test.com.metlife.springboot.LoginTest" name="validLoginTest" time="15.185"/>
  <testcase classname="test.com.metlife.springboot.LoginTest" name="validLoginTest" time="15.672"/>
</testsuite> <!-- test.com.metlife.springboot.LoginTest -->
